READING INPUTS... - 2025-03-27 13:40:56,158 - log
FINISHING TO READ INPUTS... - 2025-03-27 13:40:56,158 - log
STARTING TO PARSE INPUTS... - 2025-03-27 13:40:56,158 - log
FINISHING TO PARSE INPUTS... - 2025-03-27 13:40:56,188 - log
STARTING EVALUATION... - 2025-03-27 13:40:56,188 - log
STARTING TO COMPUTE BLEU... - 2025-03-27 13:40:56,188 - log
FINISHING TO COMPUTE BLEU... - 2025-03-27 13:40:56,234 - log
STARTING TO COMPUTE METEOR... - 2025-03-27 13:40:56,241 - log
FINISHING TO COMPUTE METEOR... - 2025-03-27 13:40:59,706 - log
STARTING TO COMPUTE TER... - 2025-03-27 13:40:59,707 - log
FINISHING TO COMPUTE TER... - 2025-03-27 13:40:59,941 - log
FINISHING EVALUATION... - 2025-03-27 13:40:59,941 - log
PRINTING RESULTS... - 2025-03-27 13:40:59,942 - log
  BLEU    BLEU NLTK    METEOR    TER
------  -----------  --------  -----
 11.91         0.12      0.19   0.66 - 2025-03-27 13:40:59,943 - log
READING INPUTS... - 2025-03-27 13:47:54,158 - log
FINISHING TO READ INPUTS... - 2025-03-27 13:47:54,158 - log
STARTING TO PARSE INPUTS... - 2025-03-27 13:47:54,159 - log
FINISHING TO PARSE INPUTS... - 2025-03-27 13:47:54,190 - log
STARTING EVALUATION... - 2025-03-27 13:47:54,190 - log
STARTING TO COMPUTE BLEU... - 2025-03-27 13:47:54,190 - log
FINISHING TO COMPUTE BLEU... - 2025-03-27 13:47:54,238 - log
STARTING TO COMPUTE METEOR... - 2025-03-27 13:47:54,245 - log
FINISHING TO COMPUTE METEOR... - 2025-03-27 13:47:58,020 - log
STARTING TO COMPUTE TER... - 2025-03-27 13:47:58,020 - log
FINISHING TO COMPUTE TER... - 2025-03-27 13:47:58,282 - log
FINISHING EVALUATION... - 2025-03-27 13:47:58,283 - log
PRINTING RESULTS... - 2025-03-27 13:47:58,283 - log
  BLEU    BLEU NLTK    METEOR    TER
------  -----------  --------  -----
 11.91         0.12      0.19   0.66 - 2025-03-27 13:47:58,284 - log
READING INPUTS... - 2025-03-28 08:36:16,624 - log
FINISHING TO READ INPUTS... - 2025-03-28 08:36:16,624 - log
STARTING TO PARSE INPUTS... - 2025-03-28 08:36:16,624 - log
FINISHING TO PARSE INPUTS... - 2025-03-28 08:36:16,663 - log
STARTING EVALUATION... - 2025-03-28 08:36:16,663 - log
STARTING TO COMPUTE BLEU... - 2025-03-28 08:36:16,663 - log
FINISHING TO COMPUTE BLEU... - 2025-03-28 08:36:16,713 - log
STARTING TO COMPUTE METEOR... - 2025-03-28 08:36:16,721 - log
FINISHING TO COMPUTE METEOR... - 2025-03-28 08:36:20,362 - log
STARTING TO COMPUTE TER... - 2025-03-28 08:36:20,362 - log
FINISHING TO COMPUTE TER... - 2025-03-28 08:36:20,608 - log
FINISHING EVALUATION... - 2025-03-28 08:36:20,608 - log
PRINTING RESULTS... - 2025-03-28 08:36:20,609 - log
  BLEU    BLEU NLTK    METEOR    TER
------  -----------  --------  -----
 11.91         0.12      0.19   0.66 - 2025-03-28 08:36:20,610 - log
READING INPUTS... - 2025-03-28 08:50:54,008 - log
FINISHING TO READ INPUTS... - 2025-03-28 08:50:54,008 - log
STARTING TO PARSE INPUTS... - 2025-03-28 08:50:54,008 - log
FINISHING TO PARSE INPUTS... - 2025-03-28 08:50:54,049 - log
STARTING EVALUATION... - 2025-03-28 08:50:54,049 - log
STARTING TO COMPUTE BLEU... - 2025-03-28 08:50:54,049 - log
FINISHING TO COMPUTE BLEU... - 2025-03-28 08:50:54,102 - log
STARTING TO COMPUTE METEOR... - 2025-03-28 08:50:54,112 - log
FINISHING TO COMPUTE METEOR... - 2025-03-28 08:50:57,796 - log
STARTING TO COMPUTE TER... - 2025-03-28 08:50:57,796 - log
FINISHING TO COMPUTE TER... - 2025-03-28 08:50:57,976 - log
FINISHING EVALUATION... - 2025-03-28 08:50:57,976 - log
PRINTING RESULTS... - 2025-03-28 08:50:57,976 - log
  BLEU    BLEU NLTK    METEOR    TER
------  -----------  --------  -----
  9.68          0.1      0.18   0.68 - 2025-03-28 08:50:57,977 - log
