--------------------------------------------------measure_score-------------------------------------------------- - 2025-03-26 15:18:16,620 - log
--------------------------------------------------measure_score-------------------------------------------------- - 2025-03-26 15:19:41,402 - log
SCORES:
============== - 2025-03-26 15:19:46,398 - log
BLEU: 0.2093 - 2025-03-26 15:19:46,398 - log
NIST: 2.9530 - 2025-03-26 15:19:46,398 - log
METEOR: 0.2708 - 2025-03-26 15:19:46,398 - log
ROUGE_L: 0.4022 - 2025-03-26 15:19:46,398 - log
CIDEr: 1.2690 - 2025-03-26 15:19:46,398 - log

 - 2025-03-26 15:19:46,398 - log
--------------------------------------------------measure_score-------------------------------------------------- - 2025-03-26 15:26:02,611 - log
--------------------------------------------------measure_score-------------------------------------------------- - 2025-03-26 15:28:00,229 - log
SCORES:
============== - 2025-03-26 15:28:05,221 - log
BLEU: 0.2093 - 2025-03-26 15:28:05,221 - log
NIST: 2.9530 - 2025-03-26 15:28:05,222 - log
METEOR: 0.2708 - 2025-03-26 15:28:05,222 - log
ROUGE_L: 0.4022 - 2025-03-26 15:28:05,222 - log
CIDEr: 1.2690 - 2025-03-26 15:28:05,222 - log

 - 2025-03-26 15:28:05,222 - log
--------------------------------------------------measure_score-------------------------------------------------- - 2025-03-26 15:54:18,473 - log
SCORES:
============== - 2025-03-26 15:54:23,619 - log
BLEU: 0.2093 - 2025-03-26 15:54:23,620 - log
NIST: 2.9530 - 2025-03-26 15:54:23,620 - log
METEOR: 0.2708 - 2025-03-26 15:54:23,620 - log
ROUGE_L: 0.4022 - 2025-03-26 15:54:23,620 - log
CIDEr: 1.2690 - 2025-03-26 15:54:23,620 - log

 - 2025-03-26 15:54:23,620 - log
--------------------------------------------------measure_score-------------------------------------------------- - 2025-03-26 15:54:37,092 - log
SCORES:
============== - 2025-03-26 15:54:42,105 - log
BLEU: 0.2093 - 2025-03-26 15:54:42,105 - log
NIST: 2.9530 - 2025-03-26 15:54:42,105 - log
METEOR: 0.2708 - 2025-03-26 15:54:42,105 - log
ROUGE_L: 0.4022 - 2025-03-26 15:54:42,105 - log
CIDEr: 1.2690 - 2025-03-26 15:54:42,105 - log

 - 2025-03-26 15:54:42,105 - log
--------------------------------------------------measure_score-------------------------------------------------- - 2025-03-26 15:55:00,977 - log
SCORES:
============== - 2025-03-26 15:55:05,984 - log
BLEU: 0.2093 - 2025-03-26 15:55:05,984 - log
NIST: 2.9530 - 2025-03-26 15:55:05,984 - log
METEOR: 0.2708 - 2025-03-26 15:55:05,984 - log
ROUGE_L: 0.4022 - 2025-03-26 15:55:05,984 - log
CIDEr: 1.2690 - 2025-03-26 15:55:05,984 - log

 - 2025-03-26 15:55:05,985 - log
--------------------------------------------------measure_score-------------------------------------------------- - 2025-03-26 15:55:16,211 - log
--------------------------------------------------measure_score-------------------------------------------------- - 2025-03-26 15:55:21,904 - log
SCORES:
============== - 2025-03-26 15:55:26,922 - log
BLEU: 0.2093 - 2025-03-26 15:55:26,923 - log
NIST: 2.9530 - 2025-03-26 15:55:26,923 - log
METEOR: 0.2708 - 2025-03-26 15:55:26,923 - log
ROUGE_L: 0.4022 - 2025-03-26 15:55:26,923 - log
CIDEr: 1.2690 - 2025-03-26 15:55:26,923 - log

 - 2025-03-26 15:55:26,923 - log
--------------------------------------------------measure_score-------------------------------------------------- - 2025-03-26 15:57:18,924 - log
SCORES:
============== - 2025-03-26 15:57:24,252 - log
BLEU: 0.2093 - 2025-03-26 15:57:24,252 - log
NIST: 2.9530 - 2025-03-26 15:57:24,252 - log
METEOR: 0.2708 - 2025-03-26 15:57:24,252 - log
ROUGE_L: 0.4022 - 2025-03-26 15:57:24,252 - log
CIDEr: 1.2690 - 2025-03-26 15:57:24,252 - log

 - 2025-03-26 15:57:24,252 - log
--------------------------------------------------measure_score-------------------------------------------------- - 2025-03-26 15:57:31,436 - log
SCORES:
============== - 2025-03-26 15:57:38,084 - log
BLEU: 0.2093 - 2025-03-26 15:57:38,084 - log
NIST: 2.9530 - 2025-03-26 15:57:38,084 - log
METEOR: 0.2708 - 2025-03-26 15:57:38,084 - log
ROUGE_L: 0.4022 - 2025-03-26 15:57:38,084 - log
CIDEr: 1.2690 - 2025-03-26 15:57:38,084 - log

 - 2025-03-26 15:57:38,084 - log
--------------------------------------------------measure_score-------------------------------------------------- - 2025-03-26 15:58:03,392 - log
SCORES:
============== - 2025-03-26 15:58:08,316 - log
BLEU: 0.2093 - 2025-03-26 15:58:08,316 - log
NIST: 2.9530 - 2025-03-26 15:58:08,316 - log
METEOR: 0.2708 - 2025-03-26 15:58:08,316 - log
ROUGE_L: 0.4022 - 2025-03-26 15:58:08,316 - log
CIDEr: 1.2690 - 2025-03-26 15:58:08,316 - log

 - 2025-03-26 15:58:08,316 - log
--------------------------------------------------measure_score-------------------------------------------------- - 2025-03-26 21:33:53,046 - log
SCORES:
============== - 2025-03-26 21:33:58,261 - log
BLEU: 0.2093 - 2025-03-26 21:33:58,261 - log
NIST: 2.9530 - 2025-03-26 21:33:58,262 - log
METEOR: 0.2708 - 2025-03-26 21:33:58,262 - log
ROUGE_L: 0.4022 - 2025-03-26 21:33:58,262 - log
CIDEr: 1.2690 - 2025-03-26 21:33:58,262 - log

 - 2025-03-26 21:33:58,262 - log
--------------------------------------------------measure_score-------------------------------------------------- - 2025-03-26 22:19:42,978 - log
SCORES:
============== - 2025-03-26 22:19:48,442 - log
BLEU: 0.2093 - 2025-03-26 22:19:48,442 - log
NIST: 2.9530 - 2025-03-26 22:19:48,442 - log
METEOR: 0.2708 - 2025-03-26 22:19:48,442 - log
ROUGE_L: 0.4022 - 2025-03-26 22:19:48,442 - log
CIDEr: 1.2690 - 2025-03-26 22:19:48,442 - log

 - 2025-03-26 22:19:48,442 - log
--------------------------------------------------measure_score-------------------------------------------------- - 2025-03-27 07:36:08,315 - log
SCORES:
============== - 2025-03-27 07:36:13,450 - log
BLEU: 0.2093 - 2025-03-27 07:36:13,450 - log
NIST: 2.9530 - 2025-03-27 07:36:13,450 - log
METEOR: 0.2708 - 2025-03-27 07:36:13,451 - log
ROUGE_L: 0.4022 - 2025-03-27 07:36:13,451 - log
CIDEr: 1.2690 - 2025-03-27 07:36:13,451 - log

 - 2025-03-27 07:36:13,451 - log
