--------------------------------------------------decode-------------------------------------------------- - 2025-03-27 09:39:05,676 - log
READING INPUTS... - 2025-03-27 09:39:27,326 - log
FINISHING TO READ INPUTS... - 2025-03-27 09:39:27,326 - log
STARTING TO PARSE INPUTS... - 2025-03-27 09:39:27,326 - log
READING INPUTS... - 2025-03-27 09:43:11,947 - log
FINISHING TO READ INPUTS... - 2025-03-27 09:43:11,947 - log
STARTING TO PARSE INPUTS... - 2025-03-27 09:43:11,947 - log
FINISHING TO PARSE INPUTS... - 2025-03-27 09:43:12,012 - log
STARTING EVALUATION... - 2025-03-27 09:43:12,012 - log
STARTING TO COMPUTE BLEU... - 2025-03-27 09:43:12,012 - log
FINISHING TO COMPUTE BLEU... - 2025-03-27 09:43:12,131 - log
STARTING TO COMPUTE METEOR... - 2025-03-27 09:43:12,150 - log
ERROR ON COMPUTING METEOR. MAKE SURE YOU HAVE JAVA INSTALLED GLOBALLY ON YOUR MACHINE. - 2025-03-27 09:43:15,511 - root
FINISHING TO COMPUTE METEOR... - 2025-03-27 09:43:15,511 - log
STARTING TO COMPUTE TER... - 2025-03-27 09:43:15,511 - log
FINISHING TO COMPUTE TER... - 2025-03-27 09:43:18,000 - log
FINISHING EVALUATION... - 2025-03-27 09:43:18,000 - log
PRINTING RESULTS... - 2025-03-27 09:43:18,000 - log
  BLEU    BLEU NLTK    METEOR    TER
------  -----------  --------  -----
 13.54         0.13        -1   0.73 - 2025-03-27 09:43:18,001 - log
READING INPUTS... - 2025-03-27 09:45:04,889 - log
FINISHING TO READ INPUTS... - 2025-03-27 09:45:04,889 - log
STARTING TO PARSE INPUTS... - 2025-03-27 09:45:04,889 - log
FINISHING TO PARSE INPUTS... - 2025-03-27 09:45:04,954 - log
STARTING EVALUATION... - 2025-03-27 09:45:04,954 - log
STARTING TO COMPUTE BLEU... - 2025-03-27 09:45:04,954 - log
FINISHING TO COMPUTE BLEU... - 2025-03-27 09:45:05,029 - log
STARTING TO COMPUTE METEOR... - 2025-03-27 09:45:05,047 - log
ERROR ON COMPUTING METEOR. MAKE SURE YOU HAVE JAVA INSTALLED GLOBALLY ON YOUR MACHINE. - 2025-03-27 09:45:08,447 - root
FINISHING TO COMPUTE METEOR... - 2025-03-27 09:45:08,447 - log
STARTING TO COMPUTE TER... - 2025-03-27 09:45:08,448 - log
FINISHING TO COMPUTE TER... - 2025-03-27 09:45:11,050 - log
FINISHING EVALUATION... - 2025-03-27 09:45:11,050 - log
PRINTING RESULTS... - 2025-03-27 09:45:11,050 - log
  BLEU    BLEU NLTK    METEOR    TER
------  -----------  --------  -----
 13.54         0.13        -1   0.73 - 2025-03-27 09:45:11,051 - log
READING INPUTS... - 2025-03-27 09:45:35,404 - log
FINISHING TO READ INPUTS... - 2025-03-27 09:45:35,404 - log
STARTING TO PARSE INPUTS... - 2025-03-27 09:45:35,404 - log
FINISHING TO PARSE INPUTS... - 2025-03-27 09:45:35,469 - log
STARTING EVALUATION... - 2025-03-27 09:45:35,469 - log
STARTING TO COMPUTE BLEU... - 2025-03-27 09:45:35,469 - log
FINISHING TO COMPUTE BLEU... - 2025-03-27 09:45:35,544 - log
STARTING TO COMPUTE METEOR... - 2025-03-27 09:45:35,562 - log
ERROR ON COMPUTING METEOR. MAKE SURE YOU HAVE JAVA INSTALLED GLOBALLY ON YOUR MACHINE. - 2025-03-27 09:45:39,033 - root
FINISHING TO COMPUTE METEOR... - 2025-03-27 09:45:39,033 - log
STARTING TO COMPUTE TER... - 2025-03-27 09:45:39,033 - log
FINISHING TO COMPUTE TER... - 2025-03-27 09:45:41,589 - log
FINISHING EVALUATION... - 2025-03-27 09:45:41,590 - log
PRINTING RESULTS... - 2025-03-27 09:45:41,590 - log
  BLEU    BLEU NLTK    METEOR    TER
------  -----------  --------  -----
 13.54         0.13        -1   0.73 - 2025-03-27 09:45:41,590 - log
READING INPUTS... - 2025-03-27 09:46:24,863 - log
FINISHING TO READ INPUTS... - 2025-03-27 09:46:24,863 - log
STARTING TO PARSE INPUTS... - 2025-03-27 09:46:24,863 - log
FINISHING TO PARSE INPUTS... - 2025-03-27 09:46:24,928 - log
STARTING EVALUATION... - 2025-03-27 09:46:24,928 - log
STARTING TO COMPUTE BLEU... - 2025-03-27 09:46:24,928 - log
FINISHING TO COMPUTE BLEU... - 2025-03-27 09:46:25,002 - log
STARTING TO COMPUTE METEOR... - 2025-03-27 09:46:25,019 - log
ERROR ON COMPUTING METEOR. MAKE SURE YOU HAVE JAVA INSTALLED GLOBALLY ON YOUR MACHINE. - 2025-03-27 09:46:28,341 - root
FINISHING TO COMPUTE METEOR... - 2025-03-27 09:46:28,341 - log
STARTING TO COMPUTE TER... - 2025-03-27 09:46:28,341 - log
FINISHING TO COMPUTE TER... - 2025-03-27 09:46:30,888 - log
FINISHING EVALUATION... - 2025-03-27 09:46:30,888 - log
PRINTING RESULTS... - 2025-03-27 09:46:30,888 - log
  BLEU    BLEU NLTK    METEOR    TER
------  -----------  --------  -----
 13.54         0.13        -1   0.73 - 2025-03-27 09:46:30,889 - log
--------------------------------------------------decode-------------------------------------------------- - 2025-03-27 11:26:56,185 - log
READING INPUTS... - 2025-03-27 11:31:44,608 - log
FINISHING TO READ INPUTS... - 2025-03-27 11:31:44,608 - log
STARTING TO PARSE INPUTS... - 2025-03-27 11:31:44,608 - log
FINISHING TO PARSE INPUTS... - 2025-03-27 11:31:44,673 - log
STARTING EVALUATION... - 2025-03-27 11:31:44,673 - log
STARTING TO COMPUTE BLEU... - 2025-03-27 11:31:44,673 - log
FINISHING TO COMPUTE BLEU... - 2025-03-27 11:31:44,749 - log
STARTING TO COMPUTE METEOR... - 2025-03-27 11:31:44,767 - log
ERROR ON COMPUTING METEOR. MAKE SURE YOU HAVE JAVA INSTALLED GLOBALLY ON YOUR MACHINE. - 2025-03-27 11:31:48,232 - root
FINISHING TO COMPUTE METEOR... - 2025-03-27 11:31:48,232 - log
STARTING TO COMPUTE TER... - 2025-03-27 11:31:48,232 - log
FINISHING TO COMPUTE TER... - 2025-03-27 11:31:50,737 - log
FINISHING EVALUATION... - 2025-03-27 11:31:50,737 - log
PRINTING RESULTS... - 2025-03-27 11:31:50,737 - log
  BLEU    BLEU NLTK    METEOR    TER
------  -----------  --------  -----
 13.54         0.13        -1   0.73 - 2025-03-27 11:31:50,737 - log
--------------------------------------------------decode-------------------------------------------------- - 2025-03-27 11:54:12,023 - log
READING INPUTS... - 2025-03-27 11:54:15,701 - log
FINISHING TO READ INPUTS... - 2025-03-27 11:54:15,701 - log
STARTING TO PARSE INPUTS... - 2025-03-27 11:54:15,701 - log
FINISHING TO PARSE INPUTS... - 2025-03-27 11:54:15,772 - log
STARTING EVALUATION... - 2025-03-27 11:54:15,772 - log
STARTING TO COMPUTE BLEU... - 2025-03-27 11:54:15,772 - log
FINISHING TO COMPUTE BLEU... - 2025-03-27 11:54:15,857 - log
STARTING TO COMPUTE METEOR... - 2025-03-27 11:54:15,876 - log
FINISHING TO COMPUTE METEOR... - 2025-03-27 11:54:19,783 - log
STARTING TO COMPUTE TER... - 2025-03-27 11:54:19,783 - log
FINISHING TO COMPUTE TER... - 2025-03-27 11:54:22,461 - log
FINISHING EVALUATION... - 2025-03-27 11:54:22,461 - log
PRINTING RESULTS... - 2025-03-27 11:54:22,461 - log
  BLEU    BLEU NLTK    METEOR    TER
------  -----------  --------  -----
 13.54         0.13      0.18   0.73 - 2025-03-27 11:54:22,462 - log
